
Showing logs for build [32maws-wkj-environment-jenkinsx-ha-g58mx-1[0m stage [32mfrom-build-pack[0m and container [32mstep-credential-initializer-5shn4[0m
{"level":"warn","ts":1583865131.584032,"logger":"fallback-logger","caller":"logging/config.go:69","msg":"Fetch GitHub commit ID from kodata failed: \"ref: refs/heads/0.8.0-**-support-backwards-incompats\" is not a valid GitHub commit ID"}
{"level":"info","ts":1583865131.5844953,"logger":"fallback-logger","caller":"creds-init/main.go:40","msg":"Credentials initialized."}

Showing logs for build [32maws-wkj-environment-jenkinsx-ha-g58mx-1[0m stage [32mfrom-build-pack[0m and container [32mstep-working-dir-initializer-wv686[0m
{"level":"warn","ts":1583865132.5663493,"logger":"fallback-logger","caller":"logging/config.go:69","msg":"Fetch GitHub commit ID from kodata failed: open /var/run/ko/HEAD: no such file or directory"}
{"level":"info","ts":1583865132.5685093,"logger":"fallback-logger","caller":"bash/main.go:64","msg":"Successfully executed command \"sh -c mkdir -p /workspace/source\"; output "}

Showing logs for build [32maws-wkj-environment-jenkinsx-ha-g58mx-1[0m stage [32mfrom-build-pack[0m and container [32mstep-place-tools[0m

Showing logs for build [32maws-wkj-environment-jenkinsx-ha-g58mx-1[0m stage [32mfrom-build-pack[0m and container [32mstep-git-source-aws-wkj-environment-jenkinsx-ha-g58mx-cqhvc[0m
{"level":"warn","ts":1583865155.6089969,"logger":"fallback-logger","caller":"logging/config.go:69","msg":"Fetch GitHub commit ID from kodata failed: \"ref: refs/heads/0.8.0-**-support-backwards-incompats\" is not a valid GitHub commit ID"}
{"level":"info","ts":1583865155.8252175,"logger":"fallback-logger","caller":"git/git.go:103","msg":"Successfully cloned https://github.com/*******/environment-jenkinsx-hackathon-staging.git @ master in path /workspace/source"}

Showing logs for build [32maws-wkj-environment-jenkinsx-ha-g58mx-1[0m stage [32mfrom-build-pack[0m and container [32mstep-git-merge[0m
Using SHAs from PULL_REFS=master:cf52e09981dad36bc72113ce6ef0f3f40d040906,1:2717566d3ebfcad2565d49f32e7931203613c8b8
DEBUG: LC_ALL=C JX_LOG_LEVEL=error git fetch origin --unshallow 2717566d3ebfcad2565d49f32e7931203613c8b8: cf52e09981dad36bc72113ce6ef0f3f40d040906:
DEBUG: ran git fetch --unshallow origin 2717566d3ebfcad2565d49f32e7931203613c8b8: cf52e09981dad36bc72113ce6ef0f3f40d040906: in 
DEBUG: LC_ALL=C JX_LOG_LEVEL=error git branch
DEBUG: LC_ALL=C JX_LOG_LEVEL=error git checkout master
DEBUG: ran git checkout master in 
DEBUG: JX_LOG_LEVEL=error LC_ALL=C git reset --hard cf52e09981dad36bc72113ce6ef0f3f40d040906
DEBUG: ran git reset --hard cf52e09981dad36bc72113ce6ef0f3f40d040906 in 
DEBUG: LC_ALL=C JX_LOG_LEVEL=error git clean -fd .
DEBUG: ran clean --force -d . in 
DEBUG: LC_ALL=C JX_LOG_LEVEL=error git merge 2717566d3ebfcad2565d49f32e7931203613c8b8
DEBUG: ran git merge 2717566d3ebfcad2565d49f32e7931203613c8b8 in 
DEBUG: LC_ALL=C JX_LOG_LEVEL=error git log --format=%H%x1f%an%x1f%ae%x1f%cn%x1f%ce%x1f%s%n%b%x1e cf52e09981dad36bc72113ce6ef0f3f40d040906..HEAD
Merged SHA 2717566d3ebfcad2565d49f32e7931203613c8b8 with commit message 'chore: Promote phython-http to version 0.0.1' into base branch master

Showing logs for build [32maws-wkj-environment-jenkinsx-ha-g58mx-1[0m stage [32mfrom-build-pack[0m and container [32mstep-build-helm-build[0m
WARNING: No $CHART_REPOSITORY defined so using the default value of: http://jenkins-x-chartmuseum:8080
Adding missing Helm repo: storage.googleapis.com https://storage.googleapis.com/chartmuseum.jenkins-x.io
Successfully added Helm repository storage.googleapis.com.
Adding missing Helm repo: jenkins-x-chartmuseum http://jenkins-x-chartmuseum:8080
Successfully added Helm repository jenkins-x-chartmuseum.
WARNING: No $CHART_REPOSITORY defined so using the default value of: http://jenkins-x-chartmuseum:8080
Adding missing Helm repo: chartmuseum.jenkins-x.io http://chartmuseum.jenkins-x.io
Successfully added Helm repository chartmuseum.jenkins-x.io.
